<?xml version="1.0" encoding="UTF-8"?>
<testsuites name="Campaign_Creation_Test_Suite" time="55.174" tests="2" failures="0" errors="0">
   <testsuite name="Campaign_Creation_Test_Suite" tests="2" failures="0" errors="0" time="55.174" skipped="0" timestamp="24-02-2025T13:53:59" hostname="lakshmanan.harikrish - SLTB233" id="Test Suites/Dev Org Test Suites/Campaign_Creation_Test_Suite">
      <properties>
         <property name="deviceName" value=""/>
         <property name="devicePlatform"/>
         <property name="logFolder" value="D:\\Automation\\Katalon Studios\\Sample Project Git\\Reports\\20250224_135351\\Dev Org Test Suites\\Campaign_Creation_Test_Suite\\20250224_135352"/>
         <property name="logFiles" value="D:\\Automation\\Katalon Studios\\Sample Project Git\\Reports\\20250224_135351\\Dev Org Test Suites\\Campaign_Creation_Test_Suite\\20250224_135352\\execution0.log"/>
         <property name="attachments" value="keyes\keyes-Campaign Creation Page.png, keyes\keyes-Campaign details before Save.png, keyes\keyes-Campaign detals after save.png"/>
         <property name="hostName" value="lakshmanan.harikrish - SLTB233"/>
         <property name="os" value="Windows 10 64bit"/>
         <property name="katalonVersion" value="9.7.4.223"/>
         <property name="browser" value="Chrome 133.0.0.0"/>
         <property name="hostAddress" value="192.168.190.116"/>
         <property name="sessionId" value="3931f4de8279997009d404c51d8e923a"/>
         <property name="seleniumVersion" value="3.141.59"/>
         <property name="proxyInformation" value="ProxyInformation { proxyOption=NO_PROXY, proxyServerType=HTTP, username=, password=********, proxyServerAddress=, proxyServerPort=0, executionList=&quot;&quot;, isApplyToDesiredCapabilities=true }"/>
         <property name="platform" value="Windows 10"/>
      </properties>
      <testcase name="Test Cases/Dev Org/Salesforce Login" time="14.173" classname="Test Cases/Dev Org/Salesforce Login" status="PASSED">
         <system-out><![CDATA[24-02-2025T13:53:59 - [TEST_CASE][PASSED] - Test Cases/Dev Org/Salesforce Login: Test Cases/Dev Org/Salesforce Login

24-02-2025T13:54:00 - [TEST_STEP][PASSED] - openBrowser(""): Browser is opened with url: ''

24-02-2025T13:54:00 - [MESSAGE][INFO] - Starting 'Chrome' driver

24-02-2025T13:54:00 - [MESSAGE][INFO] - Action delay is set to 0 milliseconds

24-02-2025T13:54:03 - [MESSAGE][PASSED] - Browser is opened with url: ''

24-02-2025T13:54:03 - [TEST_STEP][PASSED] - navigateToUrl("https://crmitsolutions-b3-dev-ed.develop.my.salesforce.com"): Navigate to 'https://crmitsolutions-b3-dev-ed.develop.my.salesforce.com' successfully

24-02-2025T13:54:05 - [MESSAGE][PASSED] - Navigate to 'https://crmitsolutions-b3-dev-ed.develop.my.salesforce.com' successfully

24-02-2025T13:54:05 - [TEST_STEP][PASSED] - setText(findTestObject("Object Repository/Salesforce Dev Org Objects/Login_Page/input_Username_username"), "harikrishnan@crmit.com"): Text 'harikrishnan@crmit.com' is set on object 'Object Repository/Salesforce Dev Org Objects/Login_Page/input_Username_username'

24-02-2025T13:54:06 - [MESSAGE][PASSED] - Text 'harikrishnan@crmit.com' is set on object 'Object Repository/Salesforce Dev Org Objects/Login_Page/input_Username_username'

24-02-2025T13:54:06 - [TEST_STEP][PASSED] - setEncryptedText(findTestObject("Object Repository/Salesforce Dev Org Objects/Login_Page/input_Password_pw"), "5PYKeXS5yY1RN+woiM/kLg=="): Text ****** has been set on object 'Object Repository/Salesforce Dev Org Objects/Login_Page/input_Password_pw'

24-02-2025T13:54:06 - [MESSAGE][PASSED] - Text ****** has been set on object 'Object Repository/Salesforce Dev Org Objects/Login_Page/input_Password_pw'

24-02-2025T13:54:06 - [TEST_STEP][PASSED] - click(findTestObject("Object Repository/Salesforce Dev Org Objects/Login_Page/input_Password_Login")): Object: 'Object Repository/Salesforce Dev Org Objects/Login_Page/input_Password_Login' is clicked on

24-02-2025T13:54:14 - [MESSAGE][PASSED] - Object: 'Object Repository/Salesforce Dev Org Objects/Login_Page/input_Password_Login' is clicked on]]></system-out>
         <system-err><![CDATA[]]></system-err>
      </testcase>
      <testcase name="Test Cases/Dev Org/Campaign Creation" time="40.874" classname="Test Cases/Dev Org/Campaign Creation" status="PASSED">
         <system-out><![CDATA[24-02-2025T13:54:14 - [TEST_CASE][PASSED] - Test Cases/Dev Org/Campaign Creation: Test Cases/Dev Org/Campaign Creation

24-02-2025T13:54:14 - [TEST_STEP][PASSED] - delay(2): Delayed 2 second(s)

24-02-2025T13:54:16 - [MESSAGE][PASSED] - Delayed 2 second(s)

24-02-2025T13:54:16 - [TEST_STEP][PASSED] - click(findTestObject("Salesforce Dev Org Objects/Campaign_Creation/Page_Home  Salesforce/App_Launcher")): Object: 'Object Repository/Salesforce Dev Org Objects/Campaign_Creation/Page_Home  Salesforce/App_Launcher' is clicked on

24-02-2025T13:54:17 - [MESSAGE][PASSED] - Object: 'Object Repository/Salesforce Dev Org Objects/Campaign_Creation/Page_Home  Salesforce/App_Launcher' is clicked on

24-02-2025T13:54:17 - [TEST_STEP][PASSED] - setText(findTestObject("Salesforce Dev Org Objects/Campaign_Creation/Page_Home  Salesforce/Search_Text_Box"), "Campaigns"): Text 'Campaigns' is set on object 'Object Repository/Salesforce Dev Org Objects/Campaign_Creation/Page_Home  Salesforce/Search_Text_Box'

24-02-2025T13:54:24 - [MESSAGE][PASSED] - Text 'Campaigns' is set on object 'Object Repository/Salesforce Dev Org Objects/Campaign_Creation/Page_Home  Salesforce/Search_Text_Box'

24-02-2025T13:54:24 - [TEST_STEP][PASSED] - click(findTestObject("Salesforce Dev Org Objects/Campaign_Creation/Page_Home  Salesforce/Campaigns")): Object: 'Object Repository/Salesforce Dev Org Objects/Campaign_Creation/Page_Home  Salesforce/Campaigns' is clicked on

24-02-2025T13:54:29 - [MESSAGE][PASSED] - Object: 'Object Repository/Salesforce Dev Org Objects/Campaign_Creation/Page_Home  Salesforce/Campaigns' is clicked on

24-02-2025T13:54:29 - [TEST_STEP][PASSED] - click(findTestObject("Object Repository/Salesforce Dev Org Objects/Campaign_Creation/Page_Recently Viewed  Campaigns  Salesforce/div_New")): Object: 'Object Repository/Salesforce Dev Org Objects/Campaign_Creation/Page_Recently Viewed  Campaigns  Salesforce/div_New' is clicked on

24-02-2025T13:54:31 - [MESSAGE][PASSED] - Object: 'Object Repository/Salesforce Dev Org Objects/Campaign_Creation/Page_Recently Viewed  Campaigns  Salesforce/div_New' is clicked on

24-02-2025T13:54:31 - [TEST_STEP][PASSED] - delay(2): Delayed 2 second(s)

24-02-2025T13:54:33 - [MESSAGE][PASSED] - Delayed 2 second(s)

24-02-2025T13:54:33 - [TEST_STEP][PASSED] - takeFullPageScreenshotAsCheckpoint("Campaign Creation Page"): Taking screenshot successfully

24-02-2025T13:54:34 - [MESSAGE][INFO] - 0 hidden object(s)

24-02-2025T13:54:34 - [MESSAGE][PASSED] - Taking screenshot successfully
[[ATTACHMENT|keyes\keyes-Campaign Creation Page.png]]

24-02-2025T13:54:34 - [TEST_STEP][PASSED] - setText(findTestObject("Salesforce Dev Org Objects/Campaign_Creation/Page_New Campaign  Salesforce/Campaign_Name"), "Test"): Text 'Test' is set on object 'Object Repository/Salesforce Dev Org Objects/Campaign_Creation/Page_New Campaign  Salesforce/Campaign_Name'

24-02-2025T13:54:41 - [MESSAGE][PASSED] - Text 'Test' is set on object 'Object Repository/Salesforce Dev Org Objects/Campaign_Creation/Page_New Campaign  Salesforce/Campaign_Name'

24-02-2025T13:54:41 - [TEST_STEP][PASSED] - takeFullPageScreenshotAsCheckpoint("Campaign details before Save"): Taking screenshot successfully

24-02-2025T13:54:42 - [MESSAGE][INFO] - 0 hidden object(s)

24-02-2025T13:54:42 - [MESSAGE][PASSED] - Taking screenshot successfully
[[ATTACHMENT|keyes\keyes-Campaign details before Save.png]]

24-02-2025T13:54:42 - [TEST_STEP][PASSED] - click(findTestObject("Object Repository/Salesforce Dev Org Objects/Campaign_Creation/Page_New Campaign  Salesforce/Save")): Object: 'Object Repository/Salesforce Dev Org Objects/Campaign_Creation/Page_New Campaign  Salesforce/Save' is clicked on

24-02-2025T13:54:42 - [MESSAGE][PASSED] - Object: 'Object Repository/Salesforce Dev Org Objects/Campaign_Creation/Page_New Campaign  Salesforce/Save' is clicked on

24-02-2025T13:54:42 - [TEST_STEP][PASSED] - click(findTestObject("Salesforce Dev Org Objects/Campaign_Creation/Page_New Campaign  Salesforce/Campaign_Details_Tab")): Object: 'Object Repository/Salesforce Dev Org Objects/Campaign_Creation/Page_New Campaign  Salesforce/Campaign_Details_Tab' is clicked on

24-02-2025T13:54:53 - [MESSAGE][PASSED] - Object: 'Object Repository/Salesforce Dev Org Objects/Campaign_Creation/Page_New Campaign  Salesforce/Campaign_Details_Tab' is clicked on

24-02-2025T13:54:53 - [TEST_STEP][PASSED] - takeFullPageScreenshotAsCheckpoint("Campaign detals after save"): Taking screenshot successfully

24-02-2025T13:54:53 - [MESSAGE][INFO] - 0 hidden object(s)

24-02-2025T13:54:53 - [MESSAGE][PASSED] - Taking screenshot successfully
[[ATTACHMENT|keyes\keyes-Campaign detals after save.png]]

24-02-2025T13:54:53 - [TEST_STEP][PASSED] - closeBrowser(): Browser is closed

24-02-2025T13:54:54 - [MESSAGE][PASSED] - Browser is closed]]></system-out>
         <system-err><![CDATA[]]></system-err>
      </testcase>
      <system-out><![CDATA[24-02-2025T13:53:59 - [TEST_SUITE][PASSED] - Campaign_Creation_Test_Suite: Test Cases/Dev Org/Campaign Creation]]></system-out>
      <system-err><![CDATA[]]></system-err>
   </testsuite>
</testsuites>
