<?xml version="1.0" encoding="UTF-8"?>
<testsuites name="Employee_Login_Test_Suite" time="21.949" tests="1" failures="0" errors="0">
   <testsuite name="Employee_Login_Test_Suite" tests="1" failures="0" errors="0" time="21.949" skipped="0" timestamp="18-02-2025T10:48:35" hostname="lakshmanan.harikrish - SLTB233" id="Test Suites/Avishkaar Test Suites/Employee_Login_Test_Suite">
      <properties>
         <property name="deviceName" value=""/>
         <property name="devicePlatform"/>
         <property name="logFolder" value="D:\\Automation\\Katalon Studios\\Katalon-Studios\\Reports\\20250218_104832\\Avishkaar Test Suites\\Employee_Login_Test_Suite\\20250218_104832"/>
         <property name="logFiles" value="D:\\Automation\\Katalon Studios\\Katalon-Studios\\Reports\\20250218_104832\\Avishkaar Test Suites\\Employee_Login_Test_Suite\\20250218_104832\\execution0.log"/>
         <property name="attachments" value=""/>
         <property name="hostName" value="lakshmanan.harikrish - SLTB233"/>
         <property name="os" value="Windows 10 64bit"/>
         <property name="katalonVersion" value="9.7.4.223"/>
         <property name="browser" value="Chrome 133.0.0.0"/>
         <property name="hostAddress" value="192.168.1.6"/>
         <property name="sessionId" value="8a0516b5e0b9d775b31a626dd51b963c"/>
         <property name="seleniumVersion" value="3.141.59"/>
         <property name="proxyInformation" value="ProxyInformation { proxyOption=NO_PROXY, proxyServerType=HTTP, username=, password=********, proxyServerAddress=, proxyServerPort=0, executionList=&quot;&quot;, isApplyToDesiredCapabilities=true }"/>
         <property name="platform" value="Windows 10"/>
      </properties>
      <testcase name="Test Cases/Avishkaar Test Cases/Login" time="21.787" classname="Test Cases/Avishkaar Test Cases/Login" status="PASSED">
         <system-out><![CDATA[18-02-2025T10:48:35 - [TEST_CASE][PASSED] - Test Cases/Avishkaar Test Cases/Login: Test Cases/Avishkaar Test Cases/Login

18-02-2025T10:48:35 - [TEST_STEP][PASSED] - openBrowser("https://sftd1--testingcoe.sandbox.my.site.com/CRMITCommunity/s/"): Browser is opened with url: 'https://sftd1--testingcoe.sandbox.my.site.com/CRMITCommunity/s/'

18-02-2025T10:48:35 - [MESSAGE][INFO] - Starting 'Chrome' driver

18-02-2025T10:48:35 - [MESSAGE][INFO] - Action delay is set to 0 milliseconds

18-02-2025T10:48:55 - [MESSAGE][PASSED] - Browser is opened with url: 'https://sftd1--testingcoe.sandbox.my.site.com/CRMITCommunity/s/'

18-02-2025T10:48:55 - [TEST_STEP][PASSED] - setText(findTestObject("Avishkaar Object Repository/Login_Page/Username"), Username): Text 'chaithra.kn@crmit.com.testingcoe' is set on object 'Object Repository/Avishkaar Object Repository/Login_Page/Username'

18-02-2025T10:48:56 - [MESSAGE][PASSED] - Text 'chaithra.kn@crmit.com.testingcoe' is set on object 'Object Repository/Avishkaar Object Repository/Login_Page/Username'

18-02-2025T10:48:56 - [TEST_STEP][PASSED] - setText(findTestObject("Avishkaar Object Repository/Login_Page/Password"), Password): Text 'Password$2025' is set on object 'Object Repository/Avishkaar Object Repository/Login_Page/Password'

18-02-2025T10:48:56 - [MESSAGE][PASSED] - Text 'Password$2025' is set on object 'Object Repository/Avishkaar Object Repository/Login_Page/Password'

18-02-2025T10:48:56 - [TEST_STEP][PASSED] - click(findTestObject("Avishkaar Object Repository/Login_Page/Login_Button")): Object: 'Object Repository/Avishkaar Object Repository/Login_Page/Login_Button' is clicked on

18-02-2025T10:48:57 - [MESSAGE][PASSED] - Object: 'Object Repository/Avishkaar Object Repository/Login_Page/Login_Button' is clicked on]]></system-out>
         <system-err><![CDATA[]]></system-err>
      </testcase>
      <system-out><![CDATA[18-02-2025T10:48:35 - [TEST_SUITE][PASSED] - Employee_Login_Test_Suite: Test Cases/Avishkaar Test Cases/Login]]></system-out>
      <system-err><![CDATA[]]></system-err>
   </testsuite>
</testsuites>
