<?xml version="1.0" encoding="UTF-8"?>
<testsuites name="Campaign_Creation_Test_Suite" time="24.873" tests="2" failures="0" errors="0">
   <testsuite name="Campaign_Creation_Test_Suite" tests="2" failures="0" errors="0" time="24.873" skipped="0" timestamp="19-02-2025T16:56:43" hostname="lakshmanan.harikrish - SLTB233" id="Test Suites/Dev Org Test Suites/Campaign_Creation_Test_Suite">
      <properties>
         <property name="deviceName" value=""/>
         <property name="devicePlatform"/>
         <property name="logFolder" value="D:\\Automation\\Katalon Studios\\Sample Project Git\\Reports\\20250219_165634\\Dev Org Test Suites\\Campaign_Creation_Test_Suite\\20250219_165635"/>
         <property name="logFiles" value="D:\\Automation\\Katalon Studios\\Sample Project Git\\Reports\\20250219_165634\\Dev Org Test Suites\\Campaign_Creation_Test_Suite\\20250219_165635\\execution0.log"/>
         <property name="attachments" value="keyes\keyes-Login Page.png"/>
         <property name="hostName" value="lakshmanan.harikrish - SLTB233"/>
         <property name="os" value="Windows 10 64bit"/>
         <property name="katalonVersion" value="9.7.4.223"/>
         <property name="browser" value="Chrome 133.0.0.0"/>
         <property name="hostAddress" value="192.168.1.6"/>
         <property name="sessionId" value="51e90d68fd0767bf986a851fe905e752"/>
         <property name="seleniumVersion" value="3.141.59"/>
         <property name="proxyInformation" value="ProxyInformation { proxyOption=NO_PROXY, proxyServerType=HTTP, username=, password=********, proxyServerAddress=, proxyServerPort=0, executionList=&quot;&quot;, isApplyToDesiredCapabilities=true }"/>
         <property name="platform" value="Windows 10"/>
      </properties>
      <testcase name="Test Cases/Dev Org/Salesforce Login" time="15.537" classname="Test Cases/Dev Org/Salesforce Login" status="PASSED">
         <system-out><![CDATA[19-02-2025T16:56:43 - [TEST_CASE][PASSED] - Test Cases/Dev Org/Salesforce Login: Test Cases/Dev Org/Salesforce Login

19-02-2025T16:56:43 - [TEST_STEP][PASSED] - openBrowser(""): Browser is opened with url: ''

19-02-2025T16:56:43 - [MESSAGE][INFO] - Starting 'Chrome' driver

19-02-2025T16:56:43 - [MESSAGE][INFO] - Action delay is set to 0 milliseconds

19-02-2025T16:56:47 - [MESSAGE][PASSED] - Browser is opened with url: ''

19-02-2025T16:56:47 - [TEST_STEP][PASSED] - navigateToUrl("https://crmitsolutions-b1-dev-ed.my.salesforce.com/?ec=302&startURL=%2Fvisualforce%2Fsession%3Furl%3Dhttps%253A%252F%252Fcrmitsolutions-b1-dev-ed.lightning.force.com%252Flightning%252Fpage%252Fhome"): Navigate to 'https://crmitsolutions-b1-dev-ed.my.salesforce.com/?ec=302&startURL=%2Fvisualforce%2Fsession%3Furl%3Dhttps%253A%252F%252Fcrmitsolutions-b1-dev-ed.lightning.force.com%252Flightning%252Fpage%252Fhome' successfully

19-02-2025T16:56:51 - [MESSAGE][PASSED] - Navigate to 'https://crmitsolutions-b1-dev-ed.my.salesforce.com/?ec=302&startURL=%2Fvisualforce%2Fsession%3Furl%3Dhttps%253A%252F%252Fcrmitsolutions-b1-dev-ed.lightning.force.com%252Flightning%252Fpage%252Fhome' successfully

19-02-2025T16:56:51 - [TEST_STEP][PASSED] - takeScreenshotAsCheckpoint("Login Page"): Taking screenshot successfully

19-02-2025T16:56:52 - [MESSAGE][INFO] - 0 hidden object(s)

19-02-2025T16:56:52 - [MESSAGE][PASSED] - Taking screenshot successfully
[[ATTACHMENT|keyes\keyes-Login Page.png]]

19-02-2025T16:56:52 - [TEST_STEP][PASSED] - setText(findTestObject("Object Repository/Salesforce Dev Org Objects/Login_Page/input_Username_username"), "lakshmanan.harikrishnan@crmit.com"): Text 'lakshmanan.harikrishnan@crmit.com' is set on object 'Object Repository/Salesforce Dev Org Objects/Login_Page/input_Username_username'

19-02-2025T16:56:53 - [MESSAGE][PASSED] - Text 'lakshmanan.harikrishnan@crmit.com' is set on object 'Object Repository/Salesforce Dev Org Objects/Login_Page/input_Username_username'

19-02-2025T16:56:53 - [TEST_STEP][PASSED] - setEncryptedText(findTestObject("Object Repository/Salesforce Dev Org Objects/Login_Page/input_Password_pw"), "dODec5gxO+bcNM/P08QXrg=="): Text ****** has been set on object 'Object Repository/Salesforce Dev Org Objects/Login_Page/input_Password_pw'

19-02-2025T16:56:53 - [MESSAGE][PASSED] - Text ****** has been set on object 'Object Repository/Salesforce Dev Org Objects/Login_Page/input_Password_pw'

19-02-2025T16:56:53 - [TEST_STEP][PASSED] - click(findTestObject("Object Repository/Salesforce Dev Org Objects/Login_Page/input_Password_Login")): Object: 'Object Repository/Salesforce Dev Org Objects/Login_Page/input_Password_Login' is clicked on

19-02-2025T16:56:58 - [MESSAGE][PASSED] - Object: 'Object Repository/Salesforce Dev Org Objects/Login_Page/input_Password_Login' is clicked on]]></system-out>
         <system-err><![CDATA[]]></system-err>
      </testcase>
      <testcase name="Test Cases/Dev Org/Campaign Creation" time="9.209" classname="Test Cases/Dev Org/Campaign Creation" status="PASSED">
         <system-out><![CDATA[19-02-2025T16:56:58 - [TEST_CASE][PASSED] - Test Cases/Dev Org/Campaign Creation: Test Cases/Dev Org/Campaign Creation

19-02-2025T16:56:58 - [TEST_STEP][PASSED] - delay(2): Delayed 2 second(s)

19-02-2025T16:57:00 - [MESSAGE][PASSED] - Delayed 2 second(s)

19-02-2025T16:57:00 - [TEST_STEP][PASSED] - click(findTestObject("Salesforce Dev Org Objects/Campaign_Creation/Page_Home  Salesforce/App_Launcher")): Object: 'Object Repository/Salesforce Dev Org Objects/Campaign_Creation/Page_Home  Salesforce/App_Launcher' is clicked on

19-02-2025T16:57:02 - [MESSAGE][PASSED] - Object: 'Object Repository/Salesforce Dev Org Objects/Campaign_Creation/Page_Home  Salesforce/App_Launcher' is clicked on

19-02-2025T16:57:02 - [TEST_STEP][PASSED] - setText(findTestObject("Salesforce Dev Org Objects/Campaign_Creation/Page_Home  Salesforce/Search_Text_Box"), "Campaigns"): Text 'Campaigns' is set on object 'Object Repository/Salesforce Dev Org Objects/Campaign_Creation/Page_Home  Salesforce/Search_Text_Box'

19-02-2025T16:57:04 - [MESSAGE][PASSED] - Text 'Campaigns' is set on object 'Object Repository/Salesforce Dev Org Objects/Campaign_Creation/Page_Home  Salesforce/Search_Text_Box'

19-02-2025T16:57:04 - [TEST_STEP][PASSED] - click(findTestObject("Salesforce Dev Org Objects/Campaign_Creation/Page_Home  Salesforce/Campaigns")): Object: 'Object Repository/Salesforce Dev Org Objects/Campaign_Creation/Page_Home  Salesforce/Campaigns' is clicked on

19-02-2025T16:57:05 - [MESSAGE][PASSED] - Object: 'Object Repository/Salesforce Dev Org Objects/Campaign_Creation/Page_Home  Salesforce/Campaigns' is clicked on

19-02-2025T16:57:05 - [TEST_STEP][PASSED] - click(findTestObject("Object Repository/Salesforce Dev Org Objects/Campaign_Creation/Page_Recently Viewed  Campaigns  Salesforce/div_New")): Object: 'Object Repository/Salesforce Dev Org Objects/Campaign_Creation/Page_Recently Viewed  Campaigns  Salesforce/div_New' is clicked on

19-02-2025T16:57:06 - [MESSAGE][PASSED] - Object: 'Object Repository/Salesforce Dev Org Objects/Campaign_Creation/Page_Recently Viewed  Campaigns  Salesforce/div_New' is clicked on

19-02-2025T16:57:06 - [TEST_STEP][PASSED] - setText(findTestObject("Salesforce Dev Org Objects/Campaign_Creation/Page_New Campaign  Salesforce/Campaign_Name"), "Test"): Text 'Test' is set on object 'Object Repository/Salesforce Dev Org Objects/Campaign_Creation/Page_New Campaign  Salesforce/Campaign_Name'

19-02-2025T16:57:07 - [MESSAGE][PASSED] - Text 'Test' is set on object 'Object Repository/Salesforce Dev Org Objects/Campaign_Creation/Page_New Campaign  Salesforce/Campaign_Name'

19-02-2025T16:57:07 - [TEST_STEP][PASSED] - click(findTestObject("Object Repository/Salesforce Dev Org Objects/Campaign_Creation/Page_New Campaign  Salesforce/Save")): Object: 'Object Repository/Salesforce Dev Org Objects/Campaign_Creation/Page_New Campaign  Salesforce/Save' is clicked on

19-02-2025T16:57:07 - [MESSAGE][PASSED] - Object: 'Object Repository/Salesforce Dev Org Objects/Campaign_Creation/Page_New Campaign  Salesforce/Save' is clicked on]]></system-out>
         <system-err><![CDATA[]]></system-err>
      </testcase>
      <system-out><![CDATA[19-02-2025T16:56:43 - [TEST_SUITE][PASSED] - Campaign_Creation_Test_Suite: Test Cases/Dev Org/Campaign Creation]]></system-out>
      <system-err><![CDATA[]]></system-err>
   </testsuite>
</testsuites>
