<?xml version="1.0" encoding="UTF-8"?>
<testsuites name="Campaign_Creation_Test_Suite" time="28.648" tests="2" failures="0" errors="0">
   <testsuite name="Campaign_Creation_Test_Suite" tests="2" failures="0" errors="0" time="28.648" skipped="0" timestamp="24-02-2025T13:14:45" hostname="lakshmanan.harikrish - SLTB233" id="Test Suites/Dev Org Test Suites/Campaign_Creation_Test_Suite">
      <properties>
         <property name="deviceName" value=""/>
         <property name="devicePlatform"/>
         <property name="logFolder" value="D:\\Automation\\Katalon Studios\\Sample Project Git\\Reports\\20250224_131433\\Dev Org Test Suites\\Campaign_Creation_Test_Suite\\20250224_131434"/>
         <property name="logFiles" value="D:\\Automation\\Katalon Studios\\Sample Project Git\\Reports\\20250224_131433\\Dev Org Test Suites\\Campaign_Creation_Test_Suite\\20250224_131434\\execution0.log"/>
         <property name="attachments" value="keyes\keyes-Campaign Creation Page.png, keyes\keyes-Campaign details before Save.png, keyes\keyes-Campaign detals after save.png"/>
         <property name="hostName" value="lakshmanan.harikrish - SLTB233"/>
         <property name="os" value="Windows 10 64bit"/>
         <property name="katalonVersion" value="9.7.4.223"/>
         <property name="browser" value="Chrome 133.0.0.0"/>
         <property name="hostAddress" value="192.168.29.149"/>
         <property name="sessionId" value="bc71113c424061aa6fa6a4f6395dfbcb"/>
         <property name="seleniumVersion" value="3.141.59"/>
         <property name="proxyInformation" value="ProxyInformation { proxyOption=NO_PROXY, proxyServerType=HTTP, username=, password=********, proxyServerAddress=, proxyServerPort=0, executionList=&quot;&quot;, isApplyToDesiredCapabilities=true }"/>
         <property name="platform" value="Windows 10"/>
      </properties>
      <testcase name="Test Cases/Dev Org/Salesforce Login" time="12.911" classname="Test Cases/Dev Org/Salesforce Login" status="PASSED">
         <system-out><![CDATA[24-02-2025T13:14:45 - [TEST_CASE][PASSED] - Test Cases/Dev Org/Salesforce Login: Test Cases/Dev Org/Salesforce Login

24-02-2025T13:14:45 - [TEST_STEP][PASSED] - openBrowser(""): Browser is opened with url: ''

24-02-2025T13:14:45 - [MESSAGE][INFO] - Starting 'Chrome' driver

24-02-2025T13:14:45 - [MESSAGE][INFO] - Action delay is set to 0 milliseconds

24-02-2025T13:14:49 - [MESSAGE][PASSED] - Browser is opened with url: ''

24-02-2025T13:14:49 - [TEST_STEP][PASSED] - navigateToUrl("https://crmitsolutions-b1-dev-ed.my.salesforce.com/?ec=302&startURL=%2Fvisualforce%2Fsession%3Furl%3Dhttps%253A%252F%252Fcrmitsolutions-b1-dev-ed.lightning.force.com%252Flightning%252Fpage%252Fhome"): Navigate to 'https://crmitsolutions-b1-dev-ed.my.salesforce.com/?ec=302&startURL=%2Fvisualforce%2Fsession%3Furl%3Dhttps%253A%252F%252Fcrmitsolutions-b1-dev-ed.lightning.force.com%252Flightning%252Fpage%252Fhome' successfully

24-02-2025T13:14:50 - [MESSAGE][PASSED] - Navigate to 'https://crmitsolutions-b1-dev-ed.my.salesforce.com/?ec=302&startURL=%2Fvisualforce%2Fsession%3Furl%3Dhttps%253A%252F%252Fcrmitsolutions-b1-dev-ed.lightning.force.com%252Flightning%252Fpage%252Fhome' successfully

24-02-2025T13:14:50 - [TEST_STEP][PASSED] - setText(findTestObject("Object Repository/Salesforce Dev Org Objects/Login_Page/input_Username_username"), "lakshmanan.harikrishnan@crmit.com"): Text 'lakshmanan.harikrishnan@crmit.com' is set on object 'Object Repository/Salesforce Dev Org Objects/Login_Page/input_Username_username'

24-02-2025T13:14:51 - [MESSAGE][PASSED] - Text 'lakshmanan.harikrishnan@crmit.com' is set on object 'Object Repository/Salesforce Dev Org Objects/Login_Page/input_Username_username'

24-02-2025T13:14:51 - [TEST_STEP][PASSED] - setEncryptedText(findTestObject("Object Repository/Salesforce Dev Org Objects/Login_Page/input_Password_pw"), "dODec5gxO+bcNM/P08QXrg=="): Text ****** has been set on object 'Object Repository/Salesforce Dev Org Objects/Login_Page/input_Password_pw'

24-02-2025T13:14:52 - [MESSAGE][PASSED] - Text ****** has been set on object 'Object Repository/Salesforce Dev Org Objects/Login_Page/input_Password_pw'

24-02-2025T13:14:52 - [TEST_STEP][PASSED] - click(findTestObject("Object Repository/Salesforce Dev Org Objects/Login_Page/input_Password_Login")): Object: 'Object Repository/Salesforce Dev Org Objects/Login_Page/input_Password_Login' is clicked on

24-02-2025T13:14:58 - [MESSAGE][PASSED] - Object: 'Object Repository/Salesforce Dev Org Objects/Login_Page/input_Password_Login' is clicked on]]></system-out>
         <system-err><![CDATA[]]></system-err>
      </testcase>
      <testcase name="Test Cases/Dev Org/Campaign Creation" time="15.616" classname="Test Cases/Dev Org/Campaign Creation" status="PASSED">
         <system-out><![CDATA[24-02-2025T13:14:58 - [TEST_CASE][PASSED] - Test Cases/Dev Org/Campaign Creation: Test Cases/Dev Org/Campaign Creation

24-02-2025T13:14:58 - [TEST_STEP][PASSED] - delay(2): Delayed 2 second(s)

24-02-2025T13:15:00 - [MESSAGE][PASSED] - Delayed 2 second(s)

24-02-2025T13:15:00 - [TEST_STEP][PASSED] - click(findTestObject("Salesforce Dev Org Objects/Campaign_Creation/Page_Home  Salesforce/App_Launcher")): Object: 'Object Repository/Salesforce Dev Org Objects/Campaign_Creation/Page_Home  Salesforce/App_Launcher' is clicked on

24-02-2025T13:15:01 - [MESSAGE][PASSED] - Object: 'Object Repository/Salesforce Dev Org Objects/Campaign_Creation/Page_Home  Salesforce/App_Launcher' is clicked on

24-02-2025T13:15:01 - [TEST_STEP][PASSED] - setText(findTestObject("Salesforce Dev Org Objects/Campaign_Creation/Page_Home  Salesforce/Search_Text_Box"), "Campaigns"): Text 'Campaigns' is set on object 'Object Repository/Salesforce Dev Org Objects/Campaign_Creation/Page_Home  Salesforce/Search_Text_Box'

24-02-2025T13:15:03 - [MESSAGE][PASSED] - Text 'Campaigns' is set on object 'Object Repository/Salesforce Dev Org Objects/Campaign_Creation/Page_Home  Salesforce/Search_Text_Box'

24-02-2025T13:15:03 - [TEST_STEP][PASSED] - click(findTestObject("Salesforce Dev Org Objects/Campaign_Creation/Page_Home  Salesforce/Campaigns")): Object: 'Object Repository/Salesforce Dev Org Objects/Campaign_Creation/Page_Home  Salesforce/Campaigns' is clicked on

24-02-2025T13:15:04 - [MESSAGE][PASSED] - Object: 'Object Repository/Salesforce Dev Org Objects/Campaign_Creation/Page_Home  Salesforce/Campaigns' is clicked on

24-02-2025T13:15:04 - [TEST_STEP][PASSED] - click(findTestObject("Object Repository/Salesforce Dev Org Objects/Campaign_Creation/Page_Recently Viewed  Campaigns  Salesforce/div_New")): Object: 'Object Repository/Salesforce Dev Org Objects/Campaign_Creation/Page_Recently Viewed  Campaigns  Salesforce/div_New' is clicked on

24-02-2025T13:15:05 - [MESSAGE][PASSED] - Object: 'Object Repository/Salesforce Dev Org Objects/Campaign_Creation/Page_Recently Viewed  Campaigns  Salesforce/div_New' is clicked on

24-02-2025T13:15:05 - [TEST_STEP][PASSED] - delay(2): Delayed 2 second(s)

24-02-2025T13:15:07 - [MESSAGE][PASSED] - Delayed 2 second(s)

24-02-2025T13:15:07 - [TEST_STEP][PASSED] - takeFullPageScreenshotAsCheckpoint("Campaign Creation Page"): Taking screenshot successfully

24-02-2025T13:15:07 - [MESSAGE][INFO] - 0 hidden object(s)

24-02-2025T13:15:07 - [MESSAGE][PASSED] - Taking screenshot successfully
[[ATTACHMENT|keyes\keyes-Campaign Creation Page.png]]

24-02-2025T13:15:07 - [TEST_STEP][PASSED] - setText(findTestObject("Salesforce Dev Org Objects/Campaign_Creation/Page_New Campaign  Salesforce/Campaign_Name"), "Test"): Text 'Test' is set on object 'Object Repository/Salesforce Dev Org Objects/Campaign_Creation/Page_New Campaign  Salesforce/Campaign_Name'

24-02-2025T13:15:08 - [MESSAGE][PASSED] - Text 'Test' is set on object 'Object Repository/Salesforce Dev Org Objects/Campaign_Creation/Page_New Campaign  Salesforce/Campaign_Name'

24-02-2025T13:15:08 - [TEST_STEP][PASSED] - takeFullPageScreenshotAsCheckpoint("Campaign details before Save"): Taking screenshot successfully

24-02-2025T13:15:08 - [MESSAGE][INFO] - 0 hidden object(s)

24-02-2025T13:15:08 - [MESSAGE][PASSED] - Taking screenshot successfully
[[ATTACHMENT|keyes\keyes-Campaign details before Save.png]]

24-02-2025T13:15:08 - [TEST_STEP][PASSED] - click(findTestObject("Object Repository/Salesforce Dev Org Objects/Campaign_Creation/Page_New Campaign  Salesforce/Save")): Object: 'Object Repository/Salesforce Dev Org Objects/Campaign_Creation/Page_New Campaign  Salesforce/Save' is clicked on

24-02-2025T13:15:09 - [MESSAGE][PASSED] - Object: 'Object Repository/Salesforce Dev Org Objects/Campaign_Creation/Page_New Campaign  Salesforce/Save' is clicked on

24-02-2025T13:15:09 - [TEST_STEP][PASSED] - click(findTestObject("Salesforce Dev Org Objects/Campaign_Creation/Page_New Campaign  Salesforce/Campaign_Details_Tab")): Object: 'Object Repository/Salesforce Dev Org Objects/Campaign_Creation/Page_New Campaign  Salesforce/Campaign_Details_Tab' is clicked on

24-02-2025T13:15:11 - [MESSAGE][PASSED] - Object: 'Object Repository/Salesforce Dev Org Objects/Campaign_Creation/Page_New Campaign  Salesforce/Campaign_Details_Tab' is clicked on

24-02-2025T13:15:11 - [TEST_STEP][PASSED] - takeFullPageScreenshotAsCheckpoint("Campaign detals after save"): Taking screenshot successfully

24-02-2025T13:15:12 - [MESSAGE][INFO] - 0 hidden object(s)

24-02-2025T13:15:12 - [MESSAGE][PASSED] - Taking screenshot successfully
[[ATTACHMENT|keyes\keyes-Campaign detals after save.png]]

24-02-2025T13:15:12 - [TEST_STEP][PASSED] - closeBrowser(): Browser is closed

24-02-2025T13:15:13 - [MESSAGE][PASSED] - Browser is closed]]></system-out>
         <system-err><![CDATA[]]></system-err>
      </testcase>
      <system-out><![CDATA[24-02-2025T13:14:45 - [TEST_SUITE][PASSED] - Campaign_Creation_Test_Suite: Test Cases/Dev Org/Campaign Creation]]></system-out>
      <system-err><![CDATA[]]></system-err>
   </testsuite>
</testsuites>
